<?xml version="1.0" encoding="UTF-8"?>
<testng-results skipped="0" failed="0" ignored="0" total="1" passed="1">
  <reporter-output>
  </reporter-output>
  <suite name="Default suite" duration-ms="2896" started-at="2020-12-12T04:52:03 UTC" finished-at="2020-12-12T04:52:06 UTC">
    <groups>
    </groups>
    <test name="Default test" duration-ms="2896" started-at="2020-12-12T04:52:03 UTC" finished-at="2020-12-12T04:52:06 UTC">
      <class name="tests.XMLSchemaValidation">
        <test-method status="PASS" signature="schemaValidation()[pri:0, instance:tests.XMLSchemaValidation@71bbf57e]" name="schemaValidation" duration-ms="2855" started-at="2020-12-12T04:52:03 UTC" finished-at="2020-12-12T04:52:06 UTC">
          <reporter-output>
          </reporter-output>
        </test-method> <!-- schemaValidation -->
      </class> <!-- tests.XMLSchemaValidation -->
    </test> <!-- Default test -->
  </suite> <!-- Default suite -->
</testng-results>
